<?xml version="1.0" encoding="UTF-8"?>
<!-- Generated by org.testng.reporters.JUnitReportReporter -->
<testsuite hostname="ip-172-31-14-205" name="tests.LogIn" tests="1" failures="0" timestamp="28 May 2021 05:53:53 GMT" time="5.663" errors="0">
  <testcase name="login" time="5.663" classname="tests.LogIn"/>
</testsuite> <!-- tests.LogIn -->
